This is pdfTeX, Version 3.14159265-2.6-1.40.21 (TeX Live 2020/W32TeX) (preloaded format=pdflatex 2020.11.18)  7 DEC 2020 15:26
entering extended mode
 restricted \write18 enabled.
 %&-line parsing enabled.
**main.tex
(./main.tex
LaTeX2e <2020-10-01> patch level 2
L3 programming layer <2020-10-27> xparse <2020-03-03>
(l:/texlive/2020/texmf-dist/tex/latex/IEEEtran/IEEEtran.cls
Document Class: IEEEtran 2015/08/26 V1.8b by Michael Shell
-- See the "IEEEtran_HOWTO" manual for usage information.
-- http://www.michaelshell.org/tex/ieeetran/
\@IEEEtrantmpdimenA=\dimen138
\@IEEEtrantmpdimenB=\dimen139
\@IEEEtrantmpdimenC=\dimen140
\@IEEEtrantmpcountA=\count175
\@IEEEtrantmpcountB=\count176
\@IEEEtrantmpcountC=\count177
\@IEEEtrantmptoksA=\toks15
LaTeX Font Info:    Trying to load font information for OT1+ptm on input line 5
03.
(l:/texlive/2020/texmf-dist/tex/latex/psnfss/ot1ptm.fd
File: ot1ptm.fd 2001/06/04 font definitions for OT1/ptm.
)
** ATTENTION: Single column mode is not typically used with IEEE publications.
-- Using 8.5in x 11in (letter) paper.
-- Using PDF output.
\@IEEEnormalsizeunitybaselineskip=\dimen141
-- This is a 10 point document.
\CLASSINFOnormalsizebaselineskip=\dimen142
\CLASSINFOnormalsizeunitybaselineskip=\dimen143
\IEEEnormaljot=\dimen144
LaTeX Font Info:    Font shape `OT1/ptm/bx/n' in size <5> not available
(Font)              Font shape `OT1/ptm/b/n' tried instead on input line 1090.
LaTeX Font Info:    Font shape `OT1/ptm/bx/it' in size <5> not available
(Font)              Font shape `OT1/ptm/b/it' tried instead on input line 1090.

LaTeX Font Info:    Font shape `OT1/ptm/bx/n' in size <7> not available
(Font)              Font shape `OT1/ptm/b/n' tried instead on input line 1090.
LaTeX Font Info:    Font shape `OT1/ptm/bx/it' in size <7> not available
(Font)              Font shape `OT1/ptm/b/it' tried instead on input line 1090.

LaTeX Font Info:    Font shape `OT1/ptm/bx/n' in size <8> not available
(Font)              Font shape `OT1/ptm/b/n' tried instead on input line 1090.
LaTeX Font Info:    Font shape `OT1/ptm/bx/it' in size <8> not available
(Font)              Font shape `OT1/ptm/b/it' tried instead on input line 1090.

LaTeX Font Info:    Font shape `OT1/ptm/bx/n' in size <9> not available
(Font)              Font shape `OT1/ptm/b/n' tried instead on input line 1090.
LaTeX Font Info:    Font shape `OT1/ptm/bx/it' in size <9> not available
(Font)              Font shape `OT1/ptm/b/it' tried instead on input line 1090.

LaTeX Font Info:    Font shape `OT1/ptm/bx/n' in size <10> not available
(Font)              Font shape `OT1/ptm/b/n' tried instead on input line 1090.
LaTeX Font Info:    Font shape `OT1/ptm/bx/it' in size <10> not available
(Font)              Font shape `OT1/ptm/b/it' tried instead on input line 1090.

LaTeX Font Info:    Font shape `OT1/ptm/bx/n' in size <11> not available
(Font)              Font shape `OT1/ptm/b/n' tried instead on input line 1090.
LaTeX Font Info:    Font shape `OT1/ptm/bx/it' in size <11> not available
(Font)              Font shape `OT1/ptm/b/it' tried instead on input line 1090.

LaTeX Font Info:    Font shape `OT1/ptm/bx/n' in size <12> not available
(Font)              Font shape `OT1/ptm/b/n' tried instead on input line 1090.
LaTeX Font Info:    Font shape `OT1/ptm/bx/it' in size <12> not available
(Font)              Font shape `OT1/ptm/b/it' tried instead on input line 1090.

LaTeX Font Info:    Font shape `OT1/ptm/bx/n' in size <17> not available
(Font)              Font shape `OT1/ptm/b/n' tried instead on input line 1090.
LaTeX Font Info:    Font shape `OT1/ptm/bx/it' in size <17> not available
(Font)              Font shape `OT1/ptm/b/it' tried instead on input line 1090.

LaTeX Font Info:    Font shape `OT1/ptm/bx/n' in size <20> not available
(Font)              Font shape `OT1/ptm/b/n' tried instead on input line 1090.
LaTeX Font Info:    Font shape `OT1/ptm/bx/it' in size <20> not available
(Font)              Font shape `OT1/ptm/b/it' tried instead on input line 1090.

LaTeX Font Info:    Font shape `OT1/ptm/bx/n' in size <24> not available
(Font)              Font shape `OT1/ptm/b/n' tried instead on input line 1090.
LaTeX Font Info:    Font shape `OT1/ptm/bx/it' in size <24> not available
(Font)              Font shape `OT1/ptm/b/it' tried instead on input line 1090.

\IEEEquantizedlength=\dimen145
\IEEEquantizedlengthdiff=\dimen146
\IEEEquantizedtextheightdiff=\dimen147
\IEEEilabelindentA=\dimen148
\IEEEilabelindentB=\dimen149
\IEEEilabelindent=\dimen150
\IEEEelabelindent=\dimen151
\IEEEdlabelindent=\dimen152
\IEEElabelindent=\dimen153
\IEEEiednormlabelsep=\dimen154
\IEEEiedmathlabelsep=\dimen155
\IEEEiedtopsep=\skip47
\c@section=\count178
\c@subsection=\count179
\c@subsubsection=\count180
\c@paragraph=\count181
\c@IEEEsubequation=\count182
\abovecaptionskip=\skip48
\belowcaptionskip=\skip49
\c@figure=\count183
\c@table=\count184
\@IEEEeqnnumcols=\count185
\@IEEEeqncolcnt=\count186
\@IEEEsubeqnnumrollback=\count187
\@IEEEquantizeheightA=\dimen156
\@IEEEquantizeheightB=\dimen157
\@IEEEquantizeheightC=\dimen158
\@IEEEquantizeprevdepth=\dimen159
\@IEEEquantizemultiple=\count188
\@IEEEquantizeboxA=\box47
\@IEEEtmpitemindent=\dimen160
\IEEEPARstartletwidth=\dimen161
\c@IEEEbiography=\count189
\@IEEEtranrubishbin=\box48
) (l:/texlive/2020/texmf-dist/tex/latex/base/fontenc.sty
Package: fontenc 2020/08/10 v2.0s Standard LaTeX package
LaTeX Font Info:    Trying to load font information for T1+ptm on input line 11
2.

(l:/texlive/2020/texmf-dist/tex/latex/psnfss/t1ptm.fd
File: t1ptm.fd 2001/06/04 font definitions for T1/ptm.
))
(l:/texlive/2020/texmf-dist/tex/lualatex/luainputenc/luainputenc.sty
Package: luainputenc 2010/11/19 v0.973 inputenc package for LuaTeX

(l:/texlive/2020/texmf-dist/tex/generic/iftex/ifluatex.sty
Package: ifluatex 2019/10/25 v1.5 ifluatex legacy package. Use iftex instead.

(l:/texlive/2020/texmf-dist/tex/generic/iftex/iftex.sty
Package: iftex 2020/03/06 v1.0d TeX engine tests
))
(l:/texlive/2020/texmf-dist/tex/generic/iftex/ifxetex.sty
Package: ifxetex 2019/10/25 v0.7 ifxetex legacy package. Use iftex instead.
)
(l:/texlive/2020/texmf-dist/tex/latex/base/inputenc.sty
Package: inputenc 2020/08/01 v1.3d Input encoding file
\inpenc@prehook=\toks16
\inpenc@posthook=\toks17

(l:/texlive/2020/texmf-dist/tex/latex/base/latin9.def
File: latin9.def 2020/08/01 v1.3d Input encoding file
)))
(l:/texlive/2020/texmf-dist/tex/latex/geometry/geometry.sty
Package: geometry 2020/01/02 v5.9 Page Geometry

(l:/texlive/2020/texmf-dist/tex/latex/graphics/keyval.sty
Package: keyval 2014/10/28 v1.15 key=value parser (DPC)
\KV@toks@=\toks18
)
(l:/texlive/2020/texmf-dist/tex/generic/iftex/ifvtex.sty
Package: ifvtex 2019/10/25 v1.7 ifvtex legacy package. Use iftex instead.
)
\Gm@cnth=\count190
\Gm@cntv=\count191
\c@Gm@tempcnt=\count192
\Gm@bindingoffset=\dimen162
\Gm@wd@mp=\dimen163
\Gm@odd@mp=\dimen164
\Gm@even@mp=\dimen165
\Gm@layoutwidth=\dimen166
\Gm@layoutheight=\dimen167
\Gm@layouthoffset=\dimen168
\Gm@layoutvoffset=\dimen169
\Gm@dimlist=\toks19
)
(l:/texlive/2020/texmf-dist/tex/latex/amsfonts/amsfonts.sty
Package: amsfonts 2013/01/14 v3.01 Basic AMSFonts support
\@emptytoks=\toks20
\symAMSa=\mathgroup4
\symAMSb=\mathgroup5
LaTeX Font Info:    Redeclaring math symbol \hbar on input line 98.
LaTeX Font Info:    Overwriting math alphabet `\mathfrak' in version `bold'
(Font)                  U/euf/m/n --> U/euf/b/n on input line 106.
)
(l:/texlive/2020/texmf-dist/tex/generic/babel/babel.sty
Package: babel 2020/10/27 3.51 The Babel package

(l:/texlive/2020/texmf-dist/tex/generic/babel/babel.def
File: babel.def 2020/10/27 3.51 Babel common definitions
\babel@savecnt=\count193
\U@D=\dimen170
\l@babelnohyphens=\language86

(l:/texlive/2020/texmf-dist/tex/generic/babel/txtbabel.def)
\bbl@readstream=\read2
)
\bbl@dirlevel=\count194

(l:/texlive/2020/texmf-dist/tex/generic/babel-english/english.ldf
Language: english 2017/06/06 v3.3r English support from the babel system
Package babel Info: \l@canadian = using hyphenrules for english
(babel)             (\language0) on input line 102.
Package babel Info: \l@australian = using hyphenrules for ukenglish
(babel)             (\language21) on input line 105.
Package babel Info: \l@newzealand = using hyphenrules for ukenglish
(babel)             (\language21) on input line 108.
))
(l:/texlive/2020/texmf-dist/tex/generic/ulem/ulem.sty
\UL@box=\box49
\UL@hyphenbox=\box50
\UL@skip=\skip50
\UL@hook=\toks21
\UL@height=\dimen171
\UL@pe=\count195
\UL@pixel=\dimen172
\ULC@box=\box51
Package: ulem 2019/11/18
\ULdepth=\dimen173
)
(l:/texlive/2020/texmf-dist/tex/latex/extarrows/extarrows.sty
Package: extarrows 2020/03/12 v1.2.0 Some extensible arrows

(l:/texlive/2020/texmf-dist/tex/latex/amsmath/amsmath.sty
Package: amsmath 2020/09/23 v2.17i AMS math features
\@mathmargin=\skip51

For additional information on amsmath, use the `?' option.
(l:/texlive/2020/texmf-dist/tex/latex/amsmath/amstext.sty
Package: amstext 2000/06/29 v2.01 AMS text

(l:/texlive/2020/texmf-dist/tex/latex/amsmath/amsgen.sty
File: amsgen.sty 1999/11/30 v2.0 generic functions
\@emptytoks=\toks22
\ex@=\dimen174
))
(l:/texlive/2020/texmf-dist/tex/latex/amsmath/amsbsy.sty
Package: amsbsy 1999/11/29 v1.2d Bold Symbols
\pmbraise@=\dimen175
)
(l:/texlive/2020/texmf-dist/tex/latex/amsmath/amsopn.sty
Package: amsopn 2016/03/08 v2.02 operator names
)
\inf@bad=\count196
LaTeX Info: Redefining \frac on input line 234.
\uproot@=\count197
\leftroot@=\count198
LaTeX Info: Redefining \overline on input line 399.
\classnum@=\count199
\DOTSCASE@=\count266
LaTeX Info: Redefining \ldots on input line 496.
LaTeX Info: Redefining \dots on input line 499.
LaTeX Info: Redefining \cdots on input line 620.
\Mathstrutbox@=\box52
\strutbox@=\box53
\big@size=\dimen176
LaTeX Font Info:    Redeclaring font encoding OML on input line 743.
LaTeX Font Info:    Redeclaring font encoding OMS on input line 744.
\macc@depth=\count267
\c@MaxMatrixCols=\count268
\dotsspace@=\muskip16
\c@parentequation=\count269
\dspbrk@lvl=\count270
\tag@help=\toks23
\row@=\count271
\column@=\count272
\maxfields@=\count273
\andhelp@=\toks24
\eqnshift@=\dimen177
\alignsep@=\dimen178
\tagshift@=\dimen179
\tagwidth@=\dimen180
\totwidth@=\dimen181
\lineht@=\dimen182
\@envbody=\toks25
\multlinegap=\skip52
\multlinetaggap=\skip53
\mathdisplay@stack=\toks26
LaTeX Info: Redefining \[ on input line 2923.
LaTeX Info: Redefining \] on input line 2924.
))
(l:/texlive/2020/texmf-dist/tex/latex/hyperref/hyperref.sty
Package: hyperref 2020-05-15 v7.00e Hypertext links for LaTeX

(l:/texlive/2020/texmf-dist/tex/generic/ltxcmds/ltxcmds.sty
Package: ltxcmds 2020-05-10 v1.25 LaTeX kernel commands for general use (HO)
)
(l:/texlive/2020/texmf-dist/tex/generic/pdftexcmds/pdftexcmds.sty
Package: pdftexcmds 2020-06-27 v0.33 Utility functions of pdfTeX for LuaTeX (HO
)

(l:/texlive/2020/texmf-dist/tex/generic/infwarerr/infwarerr.sty
Package: infwarerr 2019/12/03 v1.5 Providing info/warning/error messages (HO)
)
Package pdftexcmds Info: \pdf@primitive is available.
Package pdftexcmds Info: \pdf@ifprimitive is available.
Package pdftexcmds Info: \pdfdraftmode found.
)
(l:/texlive/2020/texmf-dist/tex/generic/kvsetkeys/kvsetkeys.sty
Package: kvsetkeys 2019/12/15 v1.18 Key value parser (HO)
)
(l:/texlive/2020/texmf-dist/tex/generic/kvdefinekeys/kvdefinekeys.sty
Package: kvdefinekeys 2019-12-19 v1.6 Define keys (HO)
)
(l:/texlive/2020/texmf-dist/tex/generic/pdfescape/pdfescape.sty
Package: pdfescape 2019/12/09 v1.15 Implements pdfTeX's escape features (HO)
)
(l:/texlive/2020/texmf-dist/tex/latex/hycolor/hycolor.sty
Package: hycolor 2020-01-27 v1.10 Color options for hyperref/bookmark (HO)
)
(l:/texlive/2020/texmf-dist/tex/latex/letltxmacro/letltxmacro.sty
Package: letltxmacro 2019/12/03 v1.6 Let assignment for LaTeX macros (HO)
)
(l:/texlive/2020/texmf-dist/tex/latex/auxhook/auxhook.sty
Package: auxhook 2019-12-17 v1.6 Hooks for auxiliary files (HO)
)
(l:/texlive/2020/texmf-dist/tex/latex/kvoptions/kvoptions.sty
Package: kvoptions 2020-10-07 v3.14 Key value format for package options (HO)
)
\@linkdim=\dimen183
\Hy@linkcounter=\count274
\Hy@pagecounter=\count275

(l:/texlive/2020/texmf-dist/tex/latex/hyperref/pd1enc.def
File: pd1enc.def 2020-05-15 v7.00e Hyperref: PDFDocEncoding definition (HO)
Now handling font encoding PD1 ...
... no UTF-8 mapping file for font encoding PD1
)
(l:/texlive/2020/texmf-dist/tex/generic/intcalc/intcalc.sty
Package: intcalc 2019/12/15 v1.3 Expandable calculations with integers (HO)
)
(l:/texlive/2020/texmf-dist/tex/generic/etexcmds/etexcmds.sty
Package: etexcmds 2019/12/15 v1.7 Avoid name clashes with e-TeX commands (HO)
)
\Hy@SavedSpaceFactor=\count276
Package hyperref Info: Option `colorlinks' set `true' on input line 4338.
Package hyperref Info: Hyper figures OFF on input line 4464.
Package hyperref Info: Link nesting OFF on input line 4469.
Package hyperref Info: Hyper index ON on input line 4472.
Package hyperref Info: Plain pages OFF on input line 4479.
Package hyperref Info: Backreferencing OFF on input line 4484.
Package hyperref Info: Implicit mode ON; LaTeX internals redefined.
Package hyperref Info: Bookmarks ON on input line 4717.
\c@Hy@tempcnt=\count277

(l:/texlive/2020/texmf-dist/tex/latex/url/url.sty
\Urlmuskip=\muskip17
Package: url 2013/09/16  ver 3.4  Verb mode for urls, etc.
)
LaTeX Info: Redefining \url on input line 5076.
\XeTeXLinkMargin=\dimen184

(l:/texlive/2020/texmf-dist/tex/generic/bitset/bitset.sty
Package: bitset 2019/12/09 v1.3 Handle bit-vector datatype (HO)

(l:/texlive/2020/texmf-dist/tex/generic/bigintcalc/bigintcalc.sty
Package: bigintcalc 2019/12/15 v1.5 Expandable calculations on big integers (HO
)
))
\Fld@menulength=\count278
\Field@Width=\dimen185
\Fld@charsize=\dimen186
Package hyperref Info: Hyper figures OFF on input line 6347.
Package hyperref Info: Link nesting OFF on input line 6352.
Package hyperref Info: Hyper index ON on input line 6355.
Package hyperref Info: backreferencing OFF on input line 6362.
Package hyperref Info: Link coloring ON on input line 6365.
Package hyperref Info: Link coloring with OCG OFF on input line 6372.
Package hyperref Info: PDF/A mode OFF on input line 6377.
LaTeX Info: Redefining \ref on input line 6417.
LaTeX Info: Redefining \pageref on input line 6421.

(l:/texlive/2020/texmf-dist/tex/latex/base/atbegshi-ltx.sty
Package: atbegshi-ltx 2020/08/17 v1.0a Emulation of the original atbegshi packa
ge
with kernel methods
)
\Hy@abspage=\count279
\c@Item=\count280
\c@Hfootnote=\count281
)
Package hyperref Info: Driver (autodetected): hpdftex.

(l:/texlive/2020/texmf-dist/tex/latex/hyperref/hpdftex.def
File: hpdftex.def 2020-05-15 v7.00e Hyperref driver for pdfTeX

(l:/texlive/2020/texmf-dist/tex/latex/base/atveryend-ltx.sty
Package: atveryend-ltx 2020/08/19 v1.0a Emulation of the original atvery packag
e
with kernel methods
)
\Fld@listcount=\count282
\c@bookmark@seq@number=\count283

(l:/texlive/2020/texmf-dist/tex/latex/rerunfilecheck/rerunfilecheck.sty
Package: rerunfilecheck 2019/12/05 v1.9 Rerun checks for auxiliary files (HO)

(l:/texlive/2020/texmf-dist/tex/generic/uniquecounter/uniquecounter.sty
Package: uniquecounter 2019/12/15 v1.4 Provide unlimited unique counter (HO)
)
Package uniquecounter Info: New unique counter `rerunfilecheck' on input line 2
86.
)
\Hy@SectionHShift=\skip54
)
(l:/texlive/2020/texmf-dist/tex/latex/listings/listings.sty
\lst@mode=\count284
\lst@gtempboxa=\box54
\lst@token=\toks27
\lst@length=\count285
\lst@currlwidth=\dimen187
\lst@column=\count286
\lst@pos=\count287
\lst@lostspace=\dimen188
\lst@width=\dimen189
\lst@newlines=\count288
\lst@lineno=\count289
\lst@maxwidth=\dimen190

(l:/texlive/2020/texmf-dist/tex/latex/listings/lstmisc.sty
File: lstmisc.sty 2020/03/24 1.8d (Carsten Heinz)
\c@lstnumber=\count290
\lst@skipnumbers=\count291
\lst@framebox=\box55
)
(l:/texlive/2020/texmf-dist/tex/latex/listings/listings.cfg
File: listings.cfg 2020/03/24 1.8d listings configuration
))
Package: listings 2020/03/24 1.8d (Carsten Heinz)

(l:/texlive/2020/texmf-dist/tex/latex/xcolor/xcolor.sty
Package: xcolor 2016/05/11 v2.12 LaTeX color extensions (UK)

(l:/texlive/2020/texmf-dist/tex/latex/graphics-cfg/color.cfg
File: color.cfg 2016/01/02 v1.6 sample color configuration
)
Package xcolor Info: Driver file: pdftex.def on input line 225.

(l:/texlive/2020/texmf-dist/tex/latex/graphics-def/pdftex.def
File: pdftex.def 2020/10/05 v1.2a Graphics/color driver for pdftex
)
Package xcolor Info: Model `cmy' substituted by `cmy0' on input line 1348.
Package xcolor Info: Model `hsb' substituted by `rgb' on input line 1352.
Package xcolor Info: Model `RGB' extended on input line 1364.
Package xcolor Info: Model `HTML' substituted by `rgb' on input line 1366.
Package xcolor Info: Model `Hsb' substituted by `hsb' on input line 1367.
Package xcolor Info: Model `tHsb' substituted by `hsb' on input line 1368.
Package xcolor Info: Model `HSB' substituted by `hsb' on input line 1369.
Package xcolor Info: Model `Gray' substituted by `gray' on input line 1370.
Package xcolor Info: Model `wave' substituted by `hsb' on input line 1371.
)
(l:/texlive/2020/texmf-dist/tex/latex/algorithm2e/algorithm2e.sty
Package: algorithm2e 2017/07/18 v5.2 algorithms environments
\c@AlgoLine=\count292

(l:/texlive/2020/texmf-dist/tex/latex/base/ifthen.sty
Package: ifthen 2014/09/29 v1.1c Standard LaTeX ifthen package (DPC)
)
\algocf@hangindent=\skip55

(l:/texlive/2020/texmf-dist/tex/latex/ifoddpage/ifoddpage.sty
Package: ifoddpage 2016/04/23 v1.1 Conditionals for odd/even page detection
\c@checkoddpage=\count293
)
(l:/texlive/2020/texmf-dist/tex/latex/tools/xspace.sty
Package: xspace 2014/10/28 v1.13 Space after command names (DPC,MH)
)
(l:/texlive/2020/texmf-dist/tex/latex/relsize/relsize.sty
Package: relsize 2013/03/29 ver 4.1
)
\skiptotal=\skip56
\skiplinenumber=\skip57
\skiprule=\skip58
\skiphlne=\skip59
\skiptext=\skip60
\skiplength=\skip61
\algomargin=\skip62
\skipalgocfslide=\skip63
\algowidth=\dimen191
\inoutsize=\dimen192
\inoutindent=\dimen193
\interspacetitleruled=\dimen194
\interspacealgoruled=\dimen195
\interspacetitleboxruled=\dimen196
\algocf@ruledwidth=\skip64
\algocf@inoutbox=\box56
\algocf@inputbox=\box57
\AlCapSkip=\skip65
\AlCapHSkip=\skip66
\algoskipindent=\skip67
\algocf@nlbox=\box58
\algocf@hangingbox=\box59
\algocf@untilbox=\box60
\algocf@skipuntil=\skip68
\algocf@capbox=\box61
\algocf@lcaptionbox=\skip69
\algoheightruledefault=\skip70
\algoheightrule=\skip71
\algotitleheightruledefault=\skip72
\algotitleheightrule=\skip73
\c@algocfline=\count294
\c@algocfproc=\count295
\c@algocf=\count296
\algocf@algoframe=\box62
\algocf@algobox=\box63
)
(l:/texlive/2020/texmf-dist/tex/latex/graphics/graphicx.sty
Package: graphicx 2020/09/09 v1.2b Enhanced LaTeX Graphics (DPC,SPQR)

(l:/texlive/2020/texmf-dist/tex/latex/graphics/graphics.sty
Package: graphics 2020/08/30 v1.4c Standard LaTeX Graphics (DPC,SPQR)

(l:/texlive/2020/texmf-dist/tex/latex/graphics/trig.sty
Package: trig 2016/01/03 v1.10 sin cos tan (DPC)
)
(l:/texlive/2020/texmf-dist/tex/latex/graphics-cfg/graphics.cfg
File: graphics.cfg 2016/06/04 v1.11 sample graphics configuration
)
Package graphics Info: Driver file: pdftex.def on input line 105.
)
\Gin@req@height=\dimen197
\Gin@req@width=\dimen198
)
(l:/texlive/2020/texmf-dist/tex/latex/subfigure/subfigure.sty
Package: subfigure 2002/03/15 v2.1.5 subfigure package
\subfigtopskip=\skip74
\subfigcapskip=\skip75
\subfigcaptopadj=\dimen199
\subfigbottomskip=\skip76
\subfigcapmargin=\dimen256
\subfiglabelskip=\skip77
\c@subfigure=\count297
\c@lofdepth=\count298
\c@subtable=\count299
\c@lotdepth=\count300

****************************************
* Local config file subfigure.cfg used *
****************************************
(l:/texlive/2020/texmf-dist/tex/latex/subfigure/subfigure.cfg)
\subfig@top=\skip78
\subfig@bottom=\skip79
)
(l:/texlive/2020/texmf-dist/tex/latex/cite/cite.sty
LaTeX Info: Redefining \cite on input line 302.
LaTeX Info: Redefining \nocite on input line 332.
Package: cite 2015/02/27  v 5.5
)
(l:/texlive/2020/texmf-dist/tex/latex/amscls/amsthm.sty
Package: amsthm 2020/05/29 v2.20.6
\thm@style=\toks28
\thm@bodyfont=\toks29
\thm@headfont=\toks30
\thm@notefont=\toks31
\thm@headpunct=\toks32
\thm@preskip=\skip80
\thm@postskip=\skip81
\thm@headsep=\skip82
\dth@everypar=\toks33
)
(l:/texlive/2020/texmf-dist/tex/latex/amsfonts/amssymb.sty
Package: amssymb 2013/01/14 v3.01 AMS font symbols
)
(l:/texlive/2020/texmf-dist/tex/latex/base/textcomp.sty
Package: textcomp 2020/02/02 v2.0n Standard LaTeX package
)
(l:/texlive/2020/texmf-dist/tex/latex/tools/bm.sty
Package: bm 2019/07/24 v1.2d Bold Symbol Support (DPC/FMi)
\symboldoperators=\mathgroup6
\symboldletters=\mathgroup7
\symboldsymbols=\mathgroup8
LaTeX Font Info:    Redeclaring math alphabet \mathbf on input line 141.
LaTeX Info: Redefining \bm on input line 209.
)
(l:/texlive/2020/texmf-dist/tex/latex/psnfss/pifont.sty
Package: pifont 2020/03/25 PSNFSS-v9.3 Pi font support (SPQR) 
LaTeX Font Info:    Trying to load font information for U+pzd on input line 63.


(l:/texlive/2020/texmf-dist/tex/latex/psnfss/upzd.fd
File: upzd.fd 2001/06/04 font definitions for U/pzd.
)
LaTeX Font Info:    Trying to load font information for U+psy on input line 64.


(l:/texlive/2020/texmf-dist/tex/latex/psnfss/upsy.fd
File: upsy.fd 2001/06/04 font definitions for U/psy.
))
(l:/texlive/2020/texmf-dist/tex/latex/booktabs/booktabs.sty
Package: booktabs 2020/01/12 v1.61803398 Publication quality tables
\heavyrulewidth=\dimen257
\lightrulewidth=\dimen258
\cmidrulewidth=\dimen259
\belowrulesep=\dimen260
\belowbottomsep=\dimen261
\aboverulesep=\dimen262
\abovetopsep=\dimen263
\cmidrulesep=\dimen264
\cmidrulekern=\dimen265
\defaultaddspace=\dimen266
\@cmidla=\count301
\@cmidlb=\count302
\@aboverulesep=\dimen267
\@belowrulesep=\dimen268
\@thisruleclass=\count303
\@lastruleclass=\count304
\@thisrulewidth=\dimen269
)
(l:/texlive/2020/texmf-dist/tex/latex/l3packages/xparse/xparse.sty
(l:/texlive/2020/texmf-dist/tex/latex/l3kernel/expl3.sty
Package: expl3 2020-10-27 L3 programming layer (loader) 

(l:/texlive/2020/texmf-dist/tex/latex/l3backend/l3backend-pdftex.def
File: l3backend-pdftex.def 2020-09-24 L3 backend support: PDF output (pdfTeX)
\l__kernel_color_stack_int=\count305
\l__pdf_internal_box=\box64
))
Package: xparse 2020-10-27 L3 Experimental document command parser

(l:/texlive/2020/texmf-dist/tex/latex/l3packages/xparse/xparse-generic.tex))
(l:/texlive/2020/texmf-dist/tex/latex/cleveref/cleveref.sty
Package: cleveref 2018/03/27 v0.21.4 Intelligent cross-referencing
Package cleveref Info: `hyperref' support loaded on input line 2370.
LaTeX Info: Redefining \cref on input line 2370.
LaTeX Info: Redefining \Cref on input line 2370.
LaTeX Info: Redefining \crefrange on input line 2370.
LaTeX Info: Redefining \Crefrange on input line 2370.
LaTeX Info: Redefining \cpageref on input line 2370.
LaTeX Info: Redefining \Cpageref on input line 2370.
LaTeX Info: Redefining \cpagerefrange on input line 2370.
LaTeX Info: Redefining \Cpagerefrange on input line 2370.
LaTeX Info: Redefining \labelcref on input line 2370.
LaTeX Info: Redefining \labelcpageref on input line 2370.
Package cleveref Info: `amsthm' support loaded on input line 3026.
Package cleveref Info: `listings' support loaded on input line 3131.
Package cleveref Info: `algorithm2e' support loaded on input line 3147.
)
(l:/texlive/2020/texmf-dist/tex/latex/caption/caption.sty
Package: caption 2020/10/26 v3.5g Customizing captions (AR)

(l:/texlive/2020/texmf-dist/tex/latex/caption/caption3.sty
Package: caption3 2020/10/21 v2.2e caption3 kernel (AR)
\captionmargin=\dimen270
\captionmargin@=\dimen271
\captionwidth=\dimen272
\caption@tempdima=\dimen273
\caption@indent=\dimen274
\caption@parindent=\dimen275
\caption@hangindent=\dimen276
Package caption Info: Unknown document class (or package),
(caption)             standard defaults will be used.
Package caption Info: \@makecaption = \long macro:#1#2->\ifx \@captype \@IEEEta
blestring \footnotesize \bgroup \par \centering \@IEEEtabletopskipstrut {\norma
lfont \footnotesize #1}\\{\normalfont \footnotesize \scshape #2}\par \addvspace
 {0.5\baselineskip }\egroup \@IEEEtablecaptionsepspace \else \@IEEEfigurecaptio
nsepspace \setbox \@tempboxa \hbox {\normalfont \footnotesize {#1.}\nobreakspac
e \nobreakspace #2}\ifdim \wd \@tempboxa >\hsize \setbox \@tempboxa \hbox {\nor
malfont \footnotesize {#1.}\nobreakspace \nobreakspace }\parbox [t]{\hsize }{\n
ormalfont \footnotesize \noindent \unhbox \@tempboxa #2}\else \ifCLASSOPTIONcon
ference \hbox to\hsize {\normalfont \footnotesize \hfil \box \@tempboxa \hfil }
\else \hbox to\hsize {\normalfont \footnotesize \box \@tempboxa \hfil }\fi \fi 
\fi  on input line 1139.
)

Package caption Warning: Unknown document class (or package),
(caption)                standard defaults will be used.
See the caption package documentation for explanation.

\c@caption@flags=\count306
\c@continuedfloat=\count307
Package caption Info: hyperref package is loaded.
Package caption Info: listings package is loaded.
Package caption Info: subfigure package is loaded.
)
\c@theorem=\count308
 (./main.aux

LaTeX Warning: Label `tab:my_label' multiply defined.


LaTeX Warning: Label `tab:my_label@cref' multiply defined.

)
\openout1 = `main.aux'.

LaTeX Font Info:    Checking defaults for OML/cmm/m/it on input line 102.
LaTeX Font Info:    ... okay on input line 102.
LaTeX Font Info:    Checking defaults for OMS/cmsy/m/n on input line 102.
LaTeX Font Info:    ... okay on input line 102.
LaTeX Font Info:    Checking defaults for OT1/cmr/m/n on input line 102.
LaTeX Font Info:    ... okay on input line 102.
LaTeX Font Info:    Checking defaults for T1/cmr/m/n on input line 102.
LaTeX Font Info:    ... okay on input line 102.
LaTeX Font Info:    Checking defaults for TS1/cmr/m/n on input line 102.
LaTeX Font Info:    ... okay on input line 102.
LaTeX Font Info:    Checking defaults for OMX/cmex/m/n on input line 102.
LaTeX Font Info:    ... okay on input line 102.
LaTeX Font Info:    Checking defaults for U/cmr/m/n on input line 102.
LaTeX Font Info:    ... okay on input line 102.
LaTeX Font Info:    Checking defaults for PD1/pdf/m/n on input line 102.
LaTeX Font Info:    ... okay on input line 102.

-- Lines per column: 36 (approximate, difference = 1.03227pt).
*geometry* driver: auto-detecting
*geometry* detected driver: pdftex
*geometry* verbose mode - [ preamble ] result:
* driver: pdftex
* paper: letterpaper
* layout: <same size as paper>
* layoutoffset:(h,v)=(0.0pt,0.0pt)
* modes: 
* h-part:(L,W,R)=(92.14519pt, 430.00462pt, 92.14519pt)
* v-part:(T,H,B)=(95.39737pt, 556.47656pt, 143.09605pt)
* \paperwidth=614.295pt
* \paperheight=794.96999pt
* \textwidth=472.31573pt
* \textheight=643.03227pt
* \oddsidemargin=-11.38109pt
* \evensidemargin=19.8752pt
* \topmargin=-51.21495pt
* \headheight=12.0pt
* \headsep=21.342pt
* \topskip=12.0pt
* \footskip=25.80774pt
* \marginparwidth=20.0pt
* \marginparsep=10.0pt
* \columnsep=12.0pt
* \skip\footins=10.79993pt plus 4.79993pt minus 2.39996pt
* \hoffset=0.0pt
* \voffset=0.0pt
* \mag=1000
* \@twocolumnfalse
* \@twosidefalse
* \@mparswitchfalse
* \@reversemarginfalse
* (1in=72.27pt=25.4mm, 1cm=28.453pt)

Package hyperref Info: Link coloring ON on input line 102.
(l:/texlive/2020/texmf-dist/tex/latex/hyperref/nameref.sty
Package: nameref 2019/09/16 v2.46 Cross-referencing by name of section

(l:/texlive/2020/texmf-dist/tex/latex/refcount/refcount.sty
Package: refcount 2019/12/15 v3.6 Data extraction from label references (HO)
)
(l:/texlive/2020/texmf-dist/tex/generic/gettitlestring/gettitlestring.sty
Package: gettitlestring 2019/12/15 v1.6 Cleanup title references (HO)
)
\c@section@level=\count309
)
LaTeX Info: Redefining \ref on input line 102.
LaTeX Info: Redefining \pageref on input line 102.
LaTeX Info: Redefining \nameref on input line 102.

(./main.out) (./main.out)
\@outlinefile=\write3
\openout3 = `main.out'.

\c@lstlisting=\count310

(l:/texlive/2020/texmf-dist/tex/context/base/mkii/supp-pdf.mkii
[Loading MPS to PDF converter (version 2006.09.02).]
\scratchcounter=\count311
\scratchdimen=\dimen277
\scratchbox=\box65
\nofMPsegments=\count312
\nofMParguments=\count313
\everyMPshowfont=\toks34
\MPscratchCnt=\count314
\MPscratchDim=\dimen278
\MPnumerator=\count315
\makeMPintoPDFobject=\count316
\everyMPtoPDFconversion=\toks35
) (l:/texlive/2020/texmf-dist/tex/latex/epstopdf-pkg/epstopdf-base.sty
Package: epstopdf-base 2020-01-24 v2.11 Base part for package epstopdf
Package epstopdf-base Info: Redefining graphics rule for `.eps' on input line 4
85.

(l:/texlive/2020/texmf-dist/tex/latex/latexconfig/epstopdf-sys.cfg
File: epstopdf-sys.cfg 2010/07/13 v1.3 Configuration of (r)epstopdf for TeX Liv
e
))
Package caption Info: Begin \AtBeginDocument code.
Package caption Info: End \AtBeginDocument code.
LaTeX Font Info:    Trying to load font information for T1+pcr on input line 10
7.

(l:/texlive/2020/texmf-dist/tex/latex/psnfss/t1pcr.fd
File: t1pcr.fd 2001/06/04 font definitions for T1/pcr.
)
LaTeX Font Info:    Trying to load font information for U+msa on input line 125
.

(l:/texlive/2020/texmf-dist/tex/latex/amsfonts/umsa.fd
File: umsa.fd 2013/01/14 v3.01 AMS symbols A
)
LaTeX Font Info:    Trying to load font information for U+msb on input line 125
.

(l:/texlive/2020/texmf-dist/tex/latex/amsfonts/umsb.fd
File: umsb.fd 2013/01/14 v3.01 AMS symbols B
)
LaTeX Font Info:    Trying to load font information for T1+phv on input line 13
1.

(l:/texlive/2020/texmf-dist/tex/latex/psnfss/t1phv.fd
File: t1phv.fd 2020/03/25 scalable font definitions for T1/phv.
)
Overfull \hbox (18.53027pt too wide) in paragraph at lines 131--132
[]\T1/ptm/m/n/10 When hand-ing in your home-work in grade-scope, pack-age all y
our codes into \T1/phv/m/n/10 your_student_id+hw4_code.zip
 []

[1{l:/texlive/2020/texmf-var/fonts/map/pdftex/updmap/pdftex.map}]
Package epstopdf Info: Source file: <fig1_1.eps>
(epstopdf)                    date: 2020-12-06 11:14:37
(epstopdf)                    size: 122915 bytes
(epstopdf)             Output file: <fig1_1-eps-converted-to.pdf>
(epstopdf)                    date: 2020-12-06 11:16:22
(epstopdf)                    size: 31266 bytes
(epstopdf)             Command: <repstopdf --outfile=fig1_1-eps-converted-to.pd
f fig1_1.eps>
(epstopdf)             \includegraphics on input line 193.
Package epstopdf Info: Output file is already uptodate.
<fig1_1-eps-converted-to.pdf, id=37, 421.575pt x 316.18124pt>
File: fig1_1-eps-converted-to.pdf Graphic file (type pdf)
<use fig1_1-eps-converted-to.pdf>
Package pdftex.def Info: fig1_1-eps-converted-to.pdf  used on input line 193.
(pdftex.def)             Requested size: 377.85402pt x 283.39777pt.
Package epstopdf Info: Source file: <fig1_2.eps>
(epstopdf)                    date: 2020-12-06 11:15:41
(epstopdf)                    size: 122906 bytes
(epstopdf)             Output file: <fig1_2-eps-converted-to.pdf>
(epstopdf)                    date: 2020-12-06 11:16:24
(epstopdf)                    size: 28171 bytes
(epstopdf)             Command: <repstopdf --outfile=fig1_2-eps-converted-to.pd
f fig1_2.eps>
(epstopdf)             \includegraphics on input line 199.
Package epstopdf Info: Output file is already uptodate.
<fig1_2-eps-converted-to.pdf, id=38, 421.575pt x 316.18124pt>
File: fig1_2-eps-converted-to.pdf Graphic file (type pdf)
<use fig1_2-eps-converted-to.pdf>
Package pdftex.def Info: fig1_2-eps-converted-to.pdf  used on input line 199.
(pdftex.def)             Requested size: 377.85402pt x 283.39777pt.

Underfull \hbox (badness 10000) in paragraph at lines 203--207

 []

[2] [3 <./fig1_1-eps-converted-to.pdf> <./fig1_2-eps-converted-to.pdf>]
[4]
Underfull \hbox (badness 10000) in paragraph at lines 259--262

 []


Underfull \hbox (badness 10000) in paragraph at lines 262--267

 []

[5]
Package epstopdf Info: Source file: <fig2_3.eps>
(epstopdf)                    date: 2020-12-04 21:45:17
(epstopdf)                    size: 22453 bytes
(epstopdf)             Output file: <fig2_3-eps-converted-to.pdf>
(epstopdf)                    date: 2020-12-04 22:16:23
(epstopdf)                    size: 5009 bytes
(epstopdf)             Command: <repstopdf --outfile=fig2_3-eps-converted-to.pd
f fig2_3.eps>
(epstopdf)             \includegraphics on input line 270.
Package epstopdf Info: Output file is already uptodate.
<fig2_3-eps-converted-to.pdf, id=100, 421.575pt x 316.18124pt>
File: fig2_3-eps-converted-to.pdf Graphic file (type pdf)
<use fig2_3-eps-converted-to.pdf>
Package pdftex.def Info: fig2_3-eps-converted-to.pdf  used on input line 270.
(pdftex.def)             Requested size: 377.85402pt x 283.39777pt.

Underfull \hbox (badness 10000) in paragraph at lines 267--274

 []

[6 <./fig2_3-eps-converted-to.pdf>]
Underfull \hbox (badness 10000) in paragraph at lines 331--336

 []

[7

]
Package epstopdf Info: Source file: <fig3_2.eps>
(epstopdf)                    date: 2020-12-06 11:41:03
(epstopdf)                    size: 16346 bytes
(epstopdf)             Output file: <fig3_2-eps-converted-to.pdf>
(epstopdf)                    date: 2020-12-06 11:41:37
(epstopdf)                    size: 4993 bytes
(epstopdf)             Command: <repstopdf --outfile=fig3_2-eps-converted-to.pd
f fig3_2.eps>
(epstopdf)             \includegraphics on input line 339.
Package epstopdf Info: Output file is already uptodate.
<fig3_2-eps-converted-to.pdf, id=130, 421.575pt x 316.18124pt>
File: fig3_2-eps-converted-to.pdf Graphic file (type pdf)
<use fig3_2-eps-converted-to.pdf>
Package pdftex.def Info: fig3_2-eps-converted-to.pdf  used on input line 339.
(pdftex.def)             Requested size: 377.85402pt x 283.39777pt.

Underfull \hbox (badness 10000) in paragraph at lines 336--343

 []

Package epstopdf Info: Source file: <fig3_3_1.eps>
(epstopdf)                    date: 2020-12-06 12:12:22
(epstopdf)                    size: 15628 bytes
(epstopdf)             Output file: <fig3_3_1-eps-converted-to.pdf>
(epstopdf)                    date: 2020-12-06 12:14:19
(epstopdf)                    size: 4793 bytes
(epstopdf)             Command: <repstopdf --outfile=fig3_3_1-eps-converted-to.
pdf fig3_3_1.eps>
(epstopdf)             \includegraphics on input line 346.
Package epstopdf Info: Output file is already uptodate.
<fig3_3_1-eps-converted-to.pdf, id=131, 421.575pt x 316.18124pt>
File: fig3_3_1-eps-converted-to.pdf Graphic file (type pdf)
<use fig3_3_1-eps-converted-to.pdf>
Package pdftex.def Info: fig3_3_1-eps-converted-to.pdf  used on input line 346.

(pdftex.def)             Requested size: 377.85402pt x 283.39777pt.
Package epstopdf Info: Source file: <fig3_3_2.eps>
(epstopdf)                    date: 2020-12-06 12:12:32
(epstopdf)                    size: 15281 bytes
(epstopdf)             Output file: <fig3_3_2-eps-converted-to.pdf>
(epstopdf)                    date: 2020-12-06 12:14:21
(epstopdf)                    size: 4855 bytes
(epstopdf)             Command: <repstopdf --outfile=fig3_3_2-eps-converted-to.
pdf fig3_3_2.eps>
(epstopdf)             \includegraphics on input line 351.
Package epstopdf Info: Output file is already uptodate.
<fig3_3_2-eps-converted-to.pdf, id=132, 421.575pt x 316.18124pt>
File: fig3_3_2-eps-converted-to.pdf Graphic file (type pdf)
<use fig3_3_2-eps-converted-to.pdf>
Package pdftex.def Info: fig3_3_2-eps-converted-to.pdf  used on input line 351.

(pdftex.def)             Requested size: 377.85402pt x 283.39777pt.

Underfull \hbox (badness 10000) in paragraph at lines 343--355

 []

[8 <./fig3_2-eps-converted-to.pdf>] [9 <./fig3_3_1-eps-converted-to.pdf> <./fig
3_3_2-eps-converted-to.pdf>]
<figures/example_face.png, id=159, 450.68375pt x 94.3525pt>
File: figures/example_face.png Graphic file (type png)
<use figures/example_face.png>
Package pdftex.def Info: figures/example_face.png  used on input line 365.
(pdftex.def)             Requested size: 450.68263pt x 94.35225pt.
 [10 <./figures/example_face.png>]
Package epstopdf Info: Source file: <fig4_1_1.eps>
(epstopdf)                    date: 2020-12-06 23:23:17
(epstopdf)                    size: 14639 bytes
(epstopdf)             Output file: <fig4_1_1-eps-converted-to.pdf>
(epstopdf)                    date: 2020-12-06 23:36:18
(epstopdf)                    size: 5880 bytes
(epstopdf)             Command: <repstopdf --outfile=fig4_1_1-eps-converted-to.
pdf fig4_1_1.eps>
(epstopdf)             \includegraphics on input line 430.
Package epstopdf Info: Output file is already uptodate.
<fig4_1_1-eps-converted-to.pdf, id=190, 162.6075pt x 106.3975pt>
File: fig4_1_1-eps-converted-to.pdf Graphic file (type pdf)
<use fig4_1_1-eps-converted-to.pdf>
Package pdftex.def Info: fig4_1_1-eps-converted-to.pdf  used on input line 430.

(pdftex.def)             Requested size: 377.85402pt x 247.25797pt.
Package epstopdf Info: Source file: <fig4_1_2.eps>
(epstopdf)                    date: 2020-12-06 23:38:50
(epstopdf)                    size: 37619 bytes
(epstopdf)             Output file: <fig4_1_2-eps-converted-to.pdf>
(epstopdf)                    date: 2020-12-06 23:39:03
(epstopdf)                    size: 31785 bytes
(epstopdf)             Command: <repstopdf --outfile=fig4_1_2-eps-converted-to.
pdf fig4_1_2.eps>
(epstopdf)             \includegraphics on input line 435.
Package epstopdf Info: Output file is already uptodate.
<fig4_1_2-eps-converted-to.pdf, id=191, 421.575pt x 316.18124pt>
File: fig4_1_2-eps-converted-to.pdf Graphic file (type pdf)
<use fig4_1_2-eps-converted-to.pdf>
Package pdftex.def Info: fig4_1_2-eps-converted-to.pdf  used on input line 435.

(pdftex.def)             Requested size: 377.85402pt x 283.39777pt.
Package epstopdf Info: Source file: <fig4_2_a_1.eps>
(epstopdf)                    date: 2020-12-07 11:00:10
(epstopdf)                    size: 14670 bytes
(epstopdf)             Output file: <fig4_2_a_1-eps-converted-to.pdf>
(epstopdf)                    date: 2020-12-07 11:32:23
(epstopdf)                    size: 5675 bytes
(epstopdf)             Command: <repstopdf --outfile=fig4_2_a_1-eps-converted-t
o.pdf fig4_2_a_1.eps>
(epstopdf)             \includegraphics on input line 444.
Package epstopdf Info: Output file is already uptodate.
<fig4_2_a_1-eps-converted-to.pdf, id=192, 162.6075pt x 106.3975pt>
File: fig4_2_a_1-eps-converted-to.pdf Graphic file (type pdf)
<use fig4_2_a_1-eps-converted-to.pdf>
Package pdftex.def Info: fig4_2_a_1-eps-converted-to.pdf  used on input line 44
4.
(pdftex.def)             Requested size: 377.85402pt x 247.25797pt.
Package epstopdf Info: Source file: <fig4_2_a_2.eps>
(epstopdf)                    date: 2020-12-07 11:00:34
(epstopdf)                    size: 37903 bytes
(epstopdf)             Output file: <fig4_2_a_2-eps-converted-to.pdf>
(epstopdf)                    date: 2020-12-07 11:33:29
(epstopdf)                    size: 30639 bytes
(epstopdf)             Command: <repstopdf --outfile=fig4_2_a_2-eps-converted-t
o.pdf fig4_2_a_2.eps>
(epstopdf)             \includegraphics on input line 449.
Package epstopdf Info: Output file is already uptodate.
<fig4_2_a_2-eps-converted-to.pdf, id=193, 421.575pt x 316.18124pt>
File: fig4_2_a_2-eps-converted-to.pdf Graphic file (type pdf)
<use fig4_2_a_2-eps-converted-to.pdf>
Package pdftex.def Info: fig4_2_a_2-eps-converted-to.pdf  used on input line 44
9.
(pdftex.def)             Requested size: 377.85402pt x 283.39777pt.
Package epstopdf Info: Source file: <fig4_2_b.eps>
(epstopdf)                    date: 2020-12-07 11:00:45
(epstopdf)                    size: 17652 bytes
(epstopdf)             Output file: <fig4_2_b-eps-converted-to.pdf>
(epstopdf)                    date: 2020-12-07 11:35:32
(epstopdf)                    size: 4818 bytes
(epstopdf)             Command: <repstopdf --outfile=fig4_2_b-eps-converted-to.
pdf fig4_2_b.eps>
(epstopdf)             \includegraphics on input line 456.
Package epstopdf Info: Output file is already uptodate.
<fig4_2_b-eps-converted-to.pdf, id=194, 421.575pt x 316.18124pt>
File: fig4_2_b-eps-converted-to.pdf Graphic file (type pdf)
<use fig4_2_b-eps-converted-to.pdf>
Package pdftex.def Info: fig4_2_b-eps-converted-to.pdf  used on input line 456.

(pdftex.def)             Requested size: 377.85402pt x 283.39777pt.
Package epstopdf Info: Source file: <fig4_2_c_1.eps>
(epstopdf)                    date: 2020-12-07 11:25:37
(epstopdf)                    size: 38100 bytes
(epstopdf)             Output file: <fig4_2_c_1-eps-converted-to.pdf>
(epstopdf)                    date: 2020-12-07 11:37:06
(epstopdf)                    size: 30602 bytes
(epstopdf)             Command: <repstopdf --outfile=fig4_2_c_1-eps-converted-t
o.pdf fig4_2_c_1.eps>
(epstopdf)             \includegraphics on input line 463.
Package epstopdf Info: Output file is already uptodate.
<fig4_2_c_1-eps-converted-to.pdf, id=195, 421.575pt x 316.18124pt>
File: fig4_2_c_1-eps-converted-to.pdf Graphic file (type pdf)
<use fig4_2_c_1-eps-converted-to.pdf>
Package pdftex.def Info: fig4_2_c_1-eps-converted-to.pdf  used on input line 46
3.
(pdftex.def)             Requested size: 377.85402pt x 283.39777pt.
Package epstopdf Info: Source file: <fig4_2_c_2.eps>
(epstopdf)                    date: 2020-12-07 11:28:35
(epstopdf)                    size: 37425 bytes
(epstopdf)             Output file: <fig4_2_c_2-eps-converted-to.pdf>
(epstopdf)                    date: 2020-12-07 11:37:08
(epstopdf)                    size: 29515 bytes
(epstopdf)             Command: <repstopdf --outfile=fig4_2_c_2-eps-converted-t
o.pdf fig4_2_c_2.eps>
(epstopdf)             \includegraphics on input line 468.
Package epstopdf Info: Output file is already uptodate.
<fig4_2_c_2-eps-converted-to.pdf, id=196, 421.575pt x 316.18124pt>
File: fig4_2_c_2-eps-converted-to.pdf Graphic file (type pdf)
<use fig4_2_c_2-eps-converted-to.pdf>
Package pdftex.def Info: fig4_2_c_2-eps-converted-to.pdf  used on input line 46
8.
(pdftex.def)             Requested size: 377.85402pt x 283.39777pt.
 [11] [12 <./fig4_1_1-eps-converted-to.pdf> <./fig4_1_2-eps-converted-to.pdf>] 
[13 <./fig4_2_a_1-eps-converted-to.pdf> <./fig4_2_a_2-eps-converted-to.pdf>] [1
4 <./fig4_2_b-eps-converted-to.pdf> <./fig4_2_c_1-eps-converted-to.pdf>] [15 <.
/fig4_2_c_2-eps-converted-to.pdf>] [16

]
Package epstopdf Info: Source file: <fig5_1.eps>
(epstopdf)                    date: 2020-12-07 15:25:35
(epstopdf)                    size: 14831 bytes
(epstopdf)             Output file: <fig5_1-eps-converted-to.pdf>
(epstopdf)                    date: 2020-12-07 15:04:06
(epstopdf)                    size: 4903 bytes
(epstopdf)             Command: <repstopdf --outfile=fig5_1-eps-converted-to.pd
f fig5_1.eps>
(epstopdf)             \includegraphics on input line 560.
runsystem(repstopdf --outfile=fig5_1-eps-converted-to.pdf fig5_1.eps)...execute
d safely (allowed).

Package epstopdf Info: Result file: <fig5_1-eps-converted-to.pdf>
(epstopdf)                    date: 2020-12-07 15:26:17
(epstopdf)                    size: 4810 bytes.
<fig5_1-eps-converted-to.pdf, id=314, 421.575pt x 316.18124pt>
File: fig5_1-eps-converted-to.pdf Graphic file (type pdf)
<use fig5_1-eps-converted-to.pdf>
Package pdftex.def Info: fig5_1-eps-converted-to.pdf  used on input line 560.
(pdftex.def)             Requested size: 377.85402pt x 283.39777pt.
Package epstopdf Info: Source file: <fig5_2.eps>
(epstopdf)                    date: 2020-12-07 15:25:43
(epstopdf)                    size: 18075 bytes
(epstopdf)             Output file: <fig5_2-eps-converted-to.pdf>
(epstopdf)                    date: 2020-12-07 15:17:56
(epstopdf)                    size: 4999 bytes
(epstopdf)             Command: <repstopdf --outfile=fig5_2-eps-converted-to.pd
f fig5_2.eps>
(epstopdf)             \includegraphics on input line 567.
runsystem(repstopdf --outfile=fig5_2-eps-converted-to.pdf fig5_2.eps)...execute
d safely (allowed).

Package epstopdf Info: Result file: <fig5_2-eps-converted-to.pdf>
(epstopdf)                    date: 2020-12-07 15:26:19
(epstopdf)                    size: 5020 bytes.
<fig5_2-eps-converted-to.pdf, id=315, 421.575pt x 316.18124pt>
File: fig5_2-eps-converted-to.pdf Graphic file (type pdf)
<use fig5_2-eps-converted-to.pdf>
Package pdftex.def Info: fig5_2-eps-converted-to.pdf  used on input line 567.
(pdftex.def)             Requested size: 377.85402pt x 283.39777pt.
 [17 <./fig5_1-eps-converted-to.pdf>] [18 <./fig5_2-eps-converted-to.pdf>] (./m
ain.aux
Package cleveref Info: loaded `english' language definitions on input line 22.
)
Package rerunfilecheck Info: File `main.out' has not changed.
(rerunfilecheck)             Checksum: 00EF81A7AE3A4ACA6105E7B95E51813E;227.


LaTeX Warning: There were multiply-defined labels.

 ) 
Here is how much of TeX's memory you used:
 15156 strings out of 479485
 245086 string characters out of 5875915
 615963 words of memory out of 5000000
 31729 multiletter control sequences out of 15000+600000
 656111 words of font info for 166 fonts, out of 8000000 for 9000
 1141 hyphenation exceptions out of 8191
 79i,16n,85p,550b,615s stack positions out of 5000i,500n,10000p,200000b,80000s
{l:/texlive/2020/texmf-dist/fonts/enc/dvips/base/8r.enc}<l:/texlive/2020/texm
f-dist/fonts/type1/public/amsfonts/cm/cmbx10.pfb><l:/texlive/2020/texmf-dist/fo
nts/type1/public/amsfonts/cm/cmbx7.pfb><l:/texlive/2020/texmf-dist/fonts/type1/
public/amsfonts/cm/cmbx8.pfb><l:/texlive/2020/texmf-dist/fonts/type1/public/ams
fonts/cm/cmex10.pfb><l:/texlive/2020/texmf-dist/fonts/type1/public/amsfonts/cm/
cmmi10.pfb><l:/texlive/2020/texmf-dist/fonts/type1/public/amsfonts/cm/cmmi5.pfb
><l:/texlive/2020/texmf-dist/fonts/type1/public/amsfonts/cm/cmmi6.pfb><l:/texli
ve/2020/texmf-dist/fonts/type1/public/amsfonts/cm/cmmi7.pfb><l:/texlive/2020/te
xmf-dist/fonts/type1/public/amsfonts/cm/cmmi8.pfb><l:/texlive/2020/texmf-dist/f
onts/type1/public/amsfonts/cm/cmmib10.pfb><l:/texlive/2020/texmf-dist/fonts/typ
e1/public/amsfonts/cm/cmr10.pfb><l:/texlive/2020/texmf-dist/fonts/type1/public/
amsfonts/cm/cmr6.pfb><l:/texlive/2020/texmf-dist/fonts/type1/public/amsfonts/cm
/cmr7.pfb><l:/texlive/2020/texmf-dist/fonts/type1/public/amsfonts/cm/cmr8.pfb><
l:/texlive/2020/texmf-dist/fonts/type1/public/amsfonts/cm/cmsy10.pfb><l:/texliv
e/2020/texmf-dist/fonts/type1/public/amsfonts/cm/cmsy5.pfb><l:/texlive/2020/tex
mf-dist/fonts/type1/public/amsfonts/cm/cmsy6.pfb><l:/texlive/2020/texmf-dist/fo
nts/type1/public/amsfonts/cm/cmsy7.pfb><l:/texlive/2020/texmf-dist/fonts/type1/
public/amsfonts/cm/cmsy8.pfb><l:/texlive/2020/texmf-dist/fonts/type1/public/ams
fonts/symbols/msbm10.pfb><l:/texlive/2020/texmf-dist/fonts/type1/public/amsfont
s/symbols/msbm7.pfb><l:/texlive/2020/texmf-dist/fonts/type1/urw/courier/ucrb8a.
pfb><l:/texlive/2020/texmf-dist/fonts/type1/urw/courier/ucrr8a.pfb><l:/texlive/
2020/texmf-dist/fonts/type1/urw/helvetic/uhvr8a.pfb><l:/texlive/2020/texmf-dist
/fonts/type1/urw/times/utmb8a.pfb><l:/texlive/2020/texmf-dist/fonts/type1/urw/t
imes/utmr8a.pfb><l:/texlive/2020/texmf-dist/fonts/type1/urw/times/utmri8a.pfb>
Output written on main.pdf (18 pages, 486431 bytes).
PDF statistics:
 460 PDF objects out of 1000 (max. 8388607)
 361 compressed objects within 4 object streams
 139 named destinations out of 1000 (max. 500000)
 113 words of extra memory for PDF output out of 10000 (max. 10000000)

